mode: set
github.com/letsmakecakes/github-trending-cli/internal/display/formatter.go:19.32,21.2 1 1
github.com/letsmakecakes/github-trending-cli/internal/display/formatter.go:24.62,25.21 1 1
github.com/letsmakecakes/github-trending-cli/internal/display/formatter.go:25.21,27.3 1 1
github.com/letsmakecakes/github-trending-cli/internal/display/formatter.go:29.2,34.29 4 1
github.com/letsmakecakes/github-trending-cli/internal/display/formatter.go:34.29,36.23 2 1
github.com/letsmakecakes/github-trending-cli/internal/display/formatter.go:36.23,40.4 3 0
github.com/letsmakecakes/github-trending-cli/internal/display/formatter.go:43.2,43.20 1 1
github.com/letsmakecakes/github-trending-cli/internal/display/formatter.go:47.37,49.2 1 1
github.com/letsmakecakes/github-trending-cli/internal/display/formatter.go:52.79,58.28 4 1
github.com/letsmakecakes/github-trending-cli/internal/display/formatter.go:58.28,60.21 2 1
github.com/letsmakecakes/github-trending-cli/internal/display/formatter.go:60.21,62.4 1 0
github.com/letsmakecakes/github-trending-cli/internal/display/formatter.go:63.3,63.61 1 1
github.com/letsmakecakes/github-trending-cli/internal/display/formatter.go:66.2,68.25 2 1
github.com/letsmakecakes/github-trending-cli/internal/display/formatter.go:68.25,70.3 1 1
github.com/letsmakecakes/github-trending-cli/internal/display/formatter.go:72.2,74.20 2 1
github.com/letsmakecakes/github-trending-cli/internal/display/formatter.go:78.48,79.14 1 1
github.com/letsmakecakes/github-trending-cli/internal/display/formatter.go:79.14,81.3 1 1
github.com/letsmakecakes/github-trending-cli/internal/display/formatter.go:82.2,82.17 1 1
github.com/letsmakecakes/github-trending-cli/internal/display/formatter.go:82.17,84.3 1 1
github.com/letsmakecakes/github-trending-cli/internal/display/formatter.go:85.2,85.49 1 1
github.com/letsmakecakes/github-trending-cli/pkg/cli/cli.go:13.22,15.16 2 0
github.com/letsmakecakes/github-trending-cli/pkg/cli/cli.go:15.16,17.3 1 0
github.com/letsmakecakes/github-trending-cli/pkg/cli/cli.go:19.2,21.16 3 0
github.com/letsmakecakes/github-trending-cli/pkg/cli/cli.go:21.16,23.3 1 0
github.com/letsmakecakes/github-trending-cli/pkg/cli/cli.go:25.2,29.12 4 0
github.com/letsmakecakes/github-trending-cli/pkg/cli/cli.go:33.43,43.39 5 1
github.com/letsmakecakes/github-trending-cli/pkg/cli/cli.go:43.39,45.3 1 1
github.com/letsmakecakes/github-trending-cli/pkg/cli/cli.go:47.2,47.17 1 1
github.com/letsmakecakes/github-trending-cli/internal/api/github.go:28.26,35.2 1 1
github.com/letsmakecakes/github-trending-cli/internal/api/github.go:38.86,39.39 1 1
github.com/letsmakecakes/github-trending-cli/internal/api/github.go:39.39,41.3 1 1
github.com/letsmakecakes/github-trending-cli/internal/api/github.go:43.2,45.16 3 1
github.com/letsmakecakes/github-trending-cli/internal/api/github.go:45.16,47.3 1 1
github.com/letsmakecakes/github-trending-cli/internal/api/github.go:49.2,49.19 1 1
github.com/letsmakecakes/github-trending-cli/internal/api/github.go:53.56,57.2 3 1
github.com/letsmakecakes/github-trending-cli/internal/api/github.go:60.91,70.16 8 1
github.com/letsmakecakes/github-trending-cli/internal/api/github.go:70.16,72.3 1 0
github.com/letsmakecakes/github-trending-cli/internal/api/github.go:74.2,78.16 4 1
github.com/letsmakecakes/github-trending-cli/internal/api/github.go:78.16,80.3 1 0
github.com/letsmakecakes/github-trending-cli/internal/api/github.go:81.2,81.33 1 1
github.com/letsmakecakes/github-trending-cli/internal/api/github.go:81.33,83.17 2 1
github.com/letsmakecakes/github-trending-cli/internal/api/github.go:83.17,85.4 1 0
github.com/letsmakecakes/github-trending-cli/internal/api/github.go:88.2,88.38 1 1
github.com/letsmakecakes/github-trending-cli/internal/api/github.go:88.38,91.3 2 1
github.com/letsmakecakes/github-trending-cli/internal/api/github.go:93.2,94.71 2 1
github.com/letsmakecakes/github-trending-cli/internal/api/github.go:94.71,96.3 1 0
github.com/letsmakecakes/github-trending-cli/internal/api/github.go:98.2,98.30 1 1
github.com/letsmakecakes/github-trending-cli/cmd/trending-repos/main.go:11.13,12.38 1 0
github.com/letsmakecakes/github-trending-cli/cmd/trending-repos/main.go:12.38,14.17 2 0
github.com/letsmakecakes/github-trending-cli/cmd/trending-repos/main.go:14.17,16.4 1 0
github.com/letsmakecakes/github-trending-cli/cmd/trending-repos/main.go:17.3,17.13 1 0
github.com/letsmakecakes/github-trending-cli/internal/config/config.go:25.35,26.18 1 0
github.com/letsmakecakes/github-trending-cli/internal/config/config.go:26.18,28.3 1 0
github.com/letsmakecakes/github-trending-cli/internal/config/config.go:29.2,29.19 1 0
github.com/letsmakecakes/github-trending-cli/internal/config/config.go:29.19,31.3 1 0
github.com/letsmakecakes/github-trending-cli/internal/config/config.go:33.2,33.20 1 0
github.com/letsmakecakes/github-trending-cli/internal/config/config.go:34.62,35.13 1 0
github.com/letsmakecakes/github-trending-cli/internal/config/config.go:36.10,37.92 1 0
github.com/letsmakecakes/github-trending-cli/internal/config/config.go:42.42,43.20 1 0
github.com/letsmakecakes/github-trending-cli/internal/config/config.go:44.19,45.11 1 0
github.com/letsmakecakes/github-trending-cli/internal/config/config.go:46.20,47.11 1 0
github.com/letsmakecakes/github-trending-cli/internal/config/config.go:48.21,49.12 1 0
github.com/letsmakecakes/github-trending-cli/internal/config/config.go:50.20,51.13 1 0
github.com/letsmakecakes/github-trending-cli/internal/config/config.go:52.10,53.11 1 0
